2025-05-16 11:08:08:88 [37mdebug[39m: [37mServer is up and running @ http://localhost:3000[39m
2025-05-16 11:22:22:2222 [37mdebug[39m: [37mServer is up and running @ http://localhost:3000[39m
2025-05-16 11:22:23:2223 [37mdebug[39m: [37mServer is up and running @ http://localhost:3000[39m
2025-05-16 15:20:22:2022 [37mdebug[39m: [37mServer is up and running @ http://localhost:3000[39m
2025-05-16 15:30:59:3059 [37mdebug[39m: [37mServer is up and running @ http://localhost:3000[39m
2025-05-16 15:31:00:310 [37mdebug[39m: [37mServer is up and running @ http://localhost:3000[39m
2025-05-16 15:36:14:3614 [37mdebug[39m: [37mServer is up and running @ http://localhost:3000[39m
2025-05-16 15:37:05:375 [37mdebug[39m: [37mServer is up and running @ http://localhost:3000[39m
2025-05-16 15:38:49:3849 [37mdebug[39m: [37mServer is up and running @ http://localhost:3000[39m
2025-05-16 15:38:50:3850 [37mdebug[39m: [37mServer is up and running @ http://localhost:3000[39m
2025-05-16 15:46:20:4620 [37mdebug[39m: [37mServer is up and running @ http://localhost:3000[39m
2025-05-16 15:46:21:4621 [37mdebug[39m: [37mServer is up and running @ http://localhost:3000[39m
2025-05-16 16:40:57:4057 [37mdebug[39m: [37mServer is up and running @ http://localhost:3000[39m
2025-05-16 16:40:57:4057 [37mdebug[39m: [37mServer is up and running @ http://localhost:3000[39m
2025-05-16 16:43:20:4320 [37mdebug[39m: [37mServer is up and running @ http://localhost:3000[39m
2025-05-16 16:53:25:5325 [37mdebug[39m: [37mServer is up and running @ http://localhost:3000[39m
2025-05-16 16:59:39:5939 [37mdebug[39m: [37mServer is up and running @ http://localhost:3000[39m
2025-05-16 17:01:05:15 [37mdebug[39m: [37mServer is up and running @ http://localhost:3000[39m
2025-05-16 17:03:44:344 [37mdebug[39m: [37mServer is up and running @ http://localhost:3000[39m
2025-05-16 17:05:34:534 [37mdebug[39m: [37mServer is up and running @ http://localhost:3000[39m
2025-05-16 17:10:27:1027 [37mdebug[39m: [37mServer is up and running @ http://localhost:3000[39m
2025-05-16 17:18:49:1849 [37mdebug[39m: [37mServer is up and running @ http://localhost:3000[39m
2025-05-16 17:22:48:2248 [37mdebug[39m: [37mServer is up and running @ http://localhost:3000[39m
2025-05-16 17:23:03:233 [37mdebug[39m: [37mServer is up and running @ http://localhost:3000[39m
2025-05-16 17:23:27:2327 [37mdebug[39m: [37mServer is up and running @ http://localhost:3000[39m
2025-05-16 17:24:06:246 [37mdebug[39m: [37mServer is up and running @ http://localhost:3000[39m
2025-05-16 17:26:27:2627 [37mdebug[39m: [37mServer is up and running @ http://localhost:3000[39m
2025-05-16 17:51:18:5118 [37mdebug[39m: [37mServer is up and running @ http://localhost:3000[39m
2025-05-16 17:53:11:5311 [37mdebug[39m: [37mServer is up and running @ http://localhost:3000[39m
2025-05-16 17:53:17:5317 [37mdebug[39m: [37mServer is up and running @ http://localhost:3000[39m
2025-05-16 21:59:44:5944 [37mdebug[39m: [37mServer is up and running @ http://localhost:3000[39m
2025-05-16 21:59:45:5945 [37mdebug[39m: [37mServer is up and running @ http://localhost:3000[39m
2025-05-16 22:10:38:1038 [37mdebug[39m: [37mServer is up and running @ http://localhost:3000[39m
2025-05-16 22:12:48:1248 [37mdebug[39m: [37mServer is up and running @ http://localhost:3000[39m
2025-05-16 22:13:07:137 [37mdebug[39m: [37mServer is up and running @ http://localhost:3000[39m
2025-05-16 22:14:48:1448 [37mdebug[39m: [37mServer is up and running @ http://localhost:3000[39m
2025-05-16 22:15:46:1546 [37mdebug[39m: [37mServer is up and running @ http://localhost:3000[39m
2025-05-16 22:37:34:3734 [37mdebug[39m: [37mServer is up and running @ http://localhost:3000[39m
2025-05-16 22:37:35:3735 [37mdebug[39m: [37mServer is up and running @ http://localhost:3000[39m
2025-05-16 22:40:36:4036 [37mdebug[39m: [37mServer is up and running @ http://localhost:3000[39m
2025-05-17 17:34:42:3442 [37mdebug[39m: [37mConnecting on port 3000[39m
2025-05-17 17:34:42:3442 [37mdebug[39m: [37mServer is up and running @ http://localhost:3000[39m
2025-05-17 17:34:43:3443 [37mdebug[39m: [37mConnecting on port 3000[39m
2025-05-17 17:34:43:3443 [37mdebug[39m: [37mServer is up and running @ http://localhost:3000[39m
2025-05-17 17:37:37:3737 [37mdebug[39m: [37mConnecting on port 3000[39m
2025-05-17 17:37:37:3737 [37mdebug[39m: [37mServer is up and running @ http://localhost:3000[39m
2025-05-17 17:45:20:4520 [37mdebug[39m: [37mConnecting on port 3000[39m
2025-05-17 17:45:20:4520 [37mdebug[39m: [37mServer is up and running @ http://localhost:3000[39m
2025-05-17 17:45:21:4521 [37mdebug[39m: [37mConnecting on port 3000[39m
2025-05-17 17:45:21:4521 [37mdebug[39m: [37mServer is up and running @ http://localhost:3000[39m
2025-05-17 17:45:42:4542 [37mdebug[39m: [37mConnecting on port 3000[39m
2025-05-17 17:45:42:4542 [37mdebug[39m: [37mServer is up and running @ http://localhost:3000[39m
2025-05-17 17:45:43:4543 [37mdebug[39m: [37mConnecting on port 3000[39m
2025-05-17 17:45:43:4543 [37mdebug[39m: [37mServer is up and running @ http://localhost:3000[39m
2025-05-17 17:45:49:4549 [37mdebug[39m: [37mloginUser Controller[39m
2025-05-17 17:45:49:4549 [37mdebug[39m: [37mauthenticated user-cases[39m
2025-05-17 17:45:49:4549 [37mdebug[39m: [37mgetUserByEmail UserRepository[39m
2025-05-17 17:45:49:4549 [35mhttp[39m: [35mPOST /api/users/login 200 572 - 64.916 ms[39m
[35m[39m
2025-05-17 17:46:55:4655 [37mdebug[39m: [37mloginUser Controller[39m
2025-05-17 17:46:55:4655 [37mdebug[39m: [37mauthenticated user-cases[39m
2025-05-17 17:46:55:4655 [37mdebug[39m: [37mgetUserByEmail UserRepository[39m
2025-05-17 17:46:55:4655 [35mhttp[39m: [35mPOST /api/users/login 200 572 - 46.670 ms[39m
[35m[39m
2025-05-17 17:47:35:4735 [37mdebug[39m: [37mloginUser Controller[39m
2025-05-17 17:47:35:4735 [37mdebug[39m: [37mauthenticated user-cases[39m
2025-05-17 17:47:35:4735 [37mdebug[39m: [37mgetUserByEmail UserRepository[39m
2025-05-17 17:47:35:4735 [35mhttp[39m: [35mPOST /api/users/login 200 572 - 62.039 ms[39m
[35m[39m
